Сборка начата 12.09.2022 15:57:03.
Уровень детализации журнала: Normal.     1>Проект "D:\Лабы\Основы алгоритмизации и программирования\3\9\12\12.vcxproj" в узле 2 (целевые объекты Build).
     1>PrepareForBuild:
         Создание каталога "x64\Debug\12.tlog\".
       InitializeBuildStatus:
         Создание "x64\Debug\12.tlog\unsuccessfulbuild", так как было задано "AlwaysCreate".
       ClCompile:
         C:\Program Files\Microsoft Visual Studio\2022\Community\VC\Tools\MSVC\14.33.31629\bin\HostX64\x64\CL.exe /c /ZI /JMC /nologo /W3 /WX- /diagnostics:column /sdl /Od /D _DEBUG /D _CONSOLE /D _UNICODE /D UNICODE /Gm- /EHsc /RTC1 /MDd /GS /fp:precise /Zc:wchar_t /Zc:forScope /Zc:inline /permissive- /Fo"x64\Debug\\" /Fd"x64\Debug\vc143.pdb" /external:W3 /Gd /TP /FC /errorReport:prompt 12.cpp
         12.cpp
     1>D:\Лабы\Основы алгоритмизации и программирования\3\9\12\12.cpp(4,1): warning C4326: возвращаемый тип "main" должен быть "int", а не "void"
       Link:
         C:\Program Files\Microsoft Visual Studio\2022\Community\VC\Tools\MSVC\14.33.31629\bin\HostX64\x64\link.exe /ERRORREPORT:PROMPT /OUT:"D:\Лабы\Основы алгоритмизации и программирования\3\9\x64\Debug\12.exe" /INCREMENTAL /ILK:"x64\Debug\12.ilk" /NOLOGO kernel32.lib user32.lib gdi32.lib winspool.lib comdlg32.lib advapi32.lib shell32.lib ole32.lib oleaut32.lib uuid.lib odbc32.lib odbccp32.lib /MANIFEST /MANIFESTUAC:"level='asInvoker' uiAccess='false'" /manifest:embed /DEBUG /PDB:"D:\Лабы\Основы алгоритмизации и программирования\3\9\x64\Debug\12.pdb" /SUBSYSTEM:CONSOLE /TLBID:1 /DYNAMICBASE /NXCOMPAT /IMPLIB:"D:\Лабы\Основы алгоритмизации и программирования\3\9\x64\Debug\12.lib" /MACHINE:X64 x64\Debug\12.obj
         12.vcxproj -> D:\Лабы\Основы алгоритмизации и программирования\3\9\x64\Debug\12.exe
       FinalizeBuildStatus:
         Файл "x64\Debug\12.tlog\unsuccessfulbuild" удаляется.
         Обращение к "x64\Debug\12.tlog\12.lastbuildstate".
     1>Сборка проекта "D:\Лабы\Основы алгоритмизации и программирования\3\9\12\12.vcxproj" завершена (целевые объекты Build).

Сборка успешно завершена.

       "D:\Лабы\Основы алгоритмизации и программирования\3\9\12\12.vcxproj" (целевой объект Build ) (1) ->
       (Целевой объект ClCompile) -> 
         D:\Лабы\Основы алгоритмизации и программирования\3\9\12\12.cpp(4,1): warning C4326: возвращаемый тип "main" должен быть "int", а не "void"

    Предупреждений: 1
    Ошибок: 0

Прошло времени 00:00:00.98
